<?xml version="1.0" encoding="UTF-8"?>
<testsuite name="it.unisalento.se.saw.controllers.HomeControllerTest" tests="1" skipped="0" failures="0" errors="0" timestamp="2018-07-25T14:01:32" hostname="niko-PC" time="0.655">
  <properties/>
  <testcase name="getAllUsersTest" classname="it.unisalento.se.saw.controllers.HomeControllerTest" time="0.655"/>
  <system-out><![CDATA[]]></system-out>
  <system-err><![CDATA[SLF4J: Failed to load class "org.slf4j.impl.StaticLoggerBinder".
SLF4J: Defaulting to no-operation (NOP) logger implementation
SLF4J: See http://www.slf4j.org/codes.html#StaticLoggerBinder for further details.
]]></system-err>
</testsuite>
